<?xml version="1.0" encoding="UTF-8"?>
<!-- Generated by org.testng.reporters.JUnitReportReporter -->
<testsuite skipped="0" hostname="DESKTOP-TRCAD55" name="com.testng.Multiple_Data" tests="9" failures="0" timestamp="2021-12-25T08:37:50 IST" time="0.122" errors="0">
  <testcase name="data" time="0.016" classname="com.testng.Multiple_Data"/>
  <system-out/>
  <testcase name="data" time="0.000" classname="com.testng.Multiple_Data"/>
  <system-out/>
  <testcase name="data" time="0.000" classname="com.testng.Multiple_Data"/>
  <system-out/>
  <testcase name="data" time="0.028" classname="com.testng.Multiple_Data"/>
  <system-out/>
  <testcase name="data" time="0.015" classname="com.testng.Multiple_Data"/>
  <system-out/>
  <testcase name="data" time="0.016" classname="com.testng.Multiple_Data"/>
  <system-out/>
  <testcase name="data" time="0.016" classname="com.testng.Multiple_Data"/>
  <system-out/>
  <testcase name="data" time="0.015" classname="com.testng.Multiple_Data"/>
  <system-out/>
  <testcase name="data" time="0.016" classname="com.testng.Multiple_Data"/>
  <system-out/>
</testsuite> <!-- com.testng.Multiple_Data -->
