<?xml version="1.0" encoding="UTF-8"?>
<!-- Generated by org.testng.reporters.JUnitReportReporter -->
<testsuite skipped="1" hostname="DESKTOP-TRCAD55" name="com.testng.Ignore_Methods" tests="2" failures="0" timestamp="2021-12-21T21:30:01 IST" time="0.031" errors="0">
  <testcase name="eveningdress" time="0.031" classname="com.testng.Ignore_Methods"/>
  <system-out/>
  <testcase name="printedress" classname="com.testng.Ignore_Methods">
    <skipped/>
  </testcase> <!-- printedress -->
  <system-out/>
</testsuite> <!-- com.testng.Ignore_Methods -->
