<?xml version="1.0" encoding="UTF-8"?>
<!-- Generated by org.testng.reporters.JUnitReportReporter -->
<testsuite skipped="1" hostname="DESKTOP-TRCAD55" name="org.Mini_Project_Mvn.Testng_Runner_class_Adactin" tests="4" failures="0" timestamp="2021-12-28T15:23:32 IST" time="251.823" errors="0">
  <testcase name="hotelbooking" time="100.591" classname="org.Mini_Project_Mvn.Testng_Runner_class_Adactin"/>
  <system-out/>
  <testcase name="hotelbooking2" time="66.948" classname="org.Mini_Project_Mvn.Testng_Runner_class_Adactin"/>
  <system-out/>
  <testcase name="hotelbooking2" time="84.284" classname="org.Mini_Project_Mvn.Testng_Runner_class_Adactin"/>
  <system-out/>
  <testcase name="hotel" classname="org.Mini_Project_Mvn.Testng_Runner_class_Adactin">
    <skipped/>
  </testcase> <!-- hotel -->
  <system-out/>
</testsuite> <!-- org.Mini_Project_Mvn.Testng_Runner_class_Adactin -->
