<?xml version="1.0" encoding="UTF-8"?>
<!-- Generated by org.testng.reporters.JUnitReportReporter -->
<testsuite skipped="0" hostname="DESKTOP-TRCAD55" name="com.testng.Priority_" tests="3" failures="0" timestamp="2021-12-21T21:12:59 IST" time="0.078" errors="0">
  <testcase name="eveningdress" time="0.046" classname="com.testng.Priority_"/>
  <system-out/>
  <testcase name="shipping" time="0.016" classname="com.testng.Priority_"/>
  <system-out/>
  <testcase name="printedress" time="0.016" classname="com.testng.Priority_"/>
  <system-out/>
</testsuite> <!-- com.testng.Priority_ -->
