<?xml version="1.0" encoding="UTF-8"?>
<!-- Generated by org.testng.reporters.JUnitReportReporter -->
<testsuite skipped="0" hostname="DESKTOP-TRCAD55" name="com.testng.Grouping" tests="4" failures="0" timestamp="2021-12-22T22:33:15 IST" time="0.045" errors="0">
  <testcase name="instagram" time="0.000" classname="com.testng.Grouping"/>
  <system-out/>
  <testcase name="facebook" time="0.030" classname="com.testng.Grouping"/>
  <system-out/>
  <testcase name="jiosavnn" time="0.000" classname="com.testng.Grouping"/>
  <system-out/>
  <testcase name="wynkmusic" time="0.015" classname="com.testng.Grouping"/>
  <system-out/>
</testsuite> <!-- com.testng.Grouping -->
