<?xml version="1.0" encoding="UTF-8"?>
<!-- Generated by org.testng.reporters.JUnitReportReporter -->
<testsuite skipped="0" hostname="DESKTOP-TRCAD55" name="com.testng.Simle_Annotations" tests="3" failures="0" timestamp="2021-12-21T21:23:46 IST" time="0.062" errors="0">
  <testcase name="eveningdress" time="0.047" classname="com.testng.Simle_Annotations"/>
  <system-out/>
  <testcase name="printedress" time="0.015" classname="com.testng.Simle_Annotations"/>
  <system-out/>
  <testcase name="shipping" time="0.000" classname="com.testng.Simle_Annotations"/>
  <system-out/>
</testsuite> <!-- com.testng.Simle_Annotations -->
