<?xml version="1.0" encoding="UTF-8"?>
<!-- Generated by org.testng.reporters.JUnitReportReporter -->
<testsuite skipped="0" hostname="DESKTOP-TRCAD55" name="com.testng.Inovacations" tests="6" failures="0" timestamp="2021-12-21T21:15:01 IST" time="0.048" errors="0">
  <testcase name="eveningdress" time="0.048" classname="com.testng.Inovacations"/>
  <system-out/>
  <testcase name="eveningdress" time="0.000" classname="com.testng.Inovacations"/>
  <system-out/>
  <testcase name="printedress" time="0.000" classname="com.testng.Inovacations"/>
  <system-out/>
  <testcase name="shipping" time="0.000" classname="com.testng.Inovacations"/>
  <system-out/>
  <testcase name="shipping" time="0.000" classname="com.testng.Inovacations"/>
  <system-out/>
  <testcase name="shipping" time="0.000" classname="com.testng.Inovacations"/>
  <system-out/>
</testsuite> <!-- com.testng.Inovacations -->
