<?xml version="1.0" encoding="UTF-8"?>
<!-- Generated by org.testng.reporters.JUnitReportReporter -->
<testsuite skipped="0" hostname="DESKTOP-TRCAD55" name="com.testng.Assert_Concept2_Soft" tests="1" failures="0" timestamp="2021-12-23T22:08:49 IST" time="0.057" errors="0">
  <testcase name="hard_assert" time="0.057" classname="com.testng.Assert_Concept2_Soft"/>
  <system-out/>
</testsuite> <!-- com.testng.Assert_Concept2_Soft -->
