<?xml version="1.0" encoding="UTF-8"?>
<!-- Generated by org.testng.reporters.JUnitReportReporter -->
<testsuite skipped="0" hostname="DESKTOP-TRCAD55" name="com.testng.Parameterized_Test" tests="2" failures="0" timestamp="2021-12-25T08:22:16 IST" time="0.027" errors="0">
  <testcase name="credentials" time="0.023" classname="com.testng.Parameterized_Test"/>
  <system-out/>
  <testcase name="credentials1" time="0.004" classname="com.testng.Parameterized_Test"/>
  <system-out/>
</testsuite> <!-- com.testng.Parameterized_Test -->
